Doan-QLBH/app/build/intermediates/manifest_merge_blame_file/debug/manifest-merger-blame-debug-report.txt
1<?xml version="1.0" encoding="utf-8"?>
2<manifest xmlns:android="http://schemas.android.com/apk/res/android"
3    package="com.qlbh.doan"
4    android:versionCode="1"
5    android:versionName="1.0" >
6
7    <uses-sdk
8        android:minSdkVersion="16"
8-->src\main\AndroidManifest.xml
9        android:targetSdkVersion="29" />
9-->src\main\AndroidManifest.xml
10
11    <uses-permission android:name="android.permission.INTERNET" />
11-->src\main\AndroidManifest.xml:5:5-67
11-->src\main\AndroidManifest.xml:5:22-64
12    <uses-permission android:name="android.permission.CAMERA" />
12-->src\main\AndroidManifest.xml:6:5-65
12-->src\main\AndroidManifest.xml:6:22-62
13    <uses-permission android:name="android.permission.READ_EXTERNAL_STORAGE" />
13-->src\main\AndroidManifest.xml:7:5-80
13-->src\main\AndroidManifest.xml:7:22-77
14    <uses-permission android:name="android.permission.WRITE_EXTERNAL_STORAGE" />
14-->src\main\AndroidManifest.xml:8:5-81
14-->src\main\AndroidManifest.xml:8:22-78
15    <uses-permission android:name="android.permission.ACCESS_NETWORK_STATE" />
15-->[com.google.firebase:firebase-database:16.0.4] AndroidManifest.xml:22:5-79
15-->[com.google.firebase:firebase-database:16.0.4] AndroidManifest.xml:22:22-76
16
17    <application
17-->src\main\AndroidManifest.xml:9:5-47:19
18        android:allowBackup="true"
18-->src\main\AndroidManifest.xml:10:9-35
19        android:appComponentFactory="androidx.core.app.CoreComponentFactory"
19-->[androidx.core:core:1.1.0] AndroidManifest.xml:24:18-86
20        android:debuggable="true"
21        android:icon="@mipmap/ic_launcher"
21-->src\main\AndroidManifest.xml:11:9-43
22        android:label="@string/app_name"
22-->src\main\AndroidManifest.xml:12:9-41
23        android:roundIcon="@mipmap/ic_launcher_round"
23-->src\main\AndroidManifest.xml:13:9-54
24        android:supportsRtl="true"
24-->src\main\AndroidManifest.xml:14:9-35
25        android:testOnly="true"
26        android:theme="@style/AppTheme" >
26-->src\main\AndroidManifest.xml:15:9-40
27        <activity
27-->src\main\AndroidManifest.xml:16:9-17:61
28            android:name="com.qlbh.doan.HoaDonActivity"
28-->src\main\AndroidManifest.xml:16:19-49
29            android:screenOrientation="portrait" />
29-->src\main\AndroidManifest.xml:17:13-49
30        <activity
30-->src\main\AndroidManifest.xml:18:9-19:51
31            android:name="com.qlbh.doan.DatHangActivity"
31-->src\main\AndroidManifest.xml:18:19-50
32            android:screenOrientation="portrait" />
32-->src\main\AndroidManifest.xml:19:13-49
33        <activity android:name="com.qlbh.doan.SamsungActivity" />
33-->src\main\AndroidManifest.xml:20:9-53
33-->src\main\AndroidManifest.xml:20:19-50
34        <activity android:name="com.qlbh.doan.IphoneActivity" />
34-->src\main\AndroidManifest.xml:21:9-52
34-->src\main\AndroidManifest.xml:21:19-49
35        <activity android:name="com.qlbh.doan.HuaweiActivity" />
35-->src\main\AndroidManifest.xml:22:9-52
35-->src\main\AndroidManifest.xml:22:19-49
36        <activity android:name="com.qlbh.doan.ProductInformation" />
36-->src\main\AndroidManifest.xml:23:9-56
36-->src\main\AndroidManifest.xml:23:19-53
37        <activity android:name="com.qlbh.doan.KhoHangActivity" />
37-->src\main\AndroidManifest.xml:24:9-53
37-->src\main\AndroidManifest.xml:24:19-50
38        <activity
38-->src\main\AndroidManifest.xml:25:9-26:51
39            android:name="com.qlbh.doan.XoaSuaSanPham"
39-->src\main\AndroidManifest.xml:25:19-48
40            android:screenOrientation="portrait" />
40-->src\main\AndroidManifest.xml:26:13-49
41        <activity
41-->src\main\AndroidManifest.xml:27:9-28:51
42            android:name="com.qlbh.doan.ThemSanPham"
42-->src\main\AndroidManifest.xml:27:19-46
43            android:screenOrientation="portrait" />
43-->src\main\AndroidManifest.xml:28:13-49
44        <activity
44-->src\main\AndroidManifest.xml:29:9-30:51
45            android:name="com.qlbh.doan.SanPhamActivity"
45-->src\main\AndroidManifest.xml:29:19-50
46            android:screenOrientation="portrait" />
46-->src\main\AndroidManifest.xml:30:13-49
47        <activity
47-->src\main\AndroidManifest.xml:31:9-32:51
48            android:name="com.qlbh.doan.ThemDanhMuc"
48-->src\main\AndroidManifest.xml:31:19-46
49            android:screenOrientation="portrait" />
49-->src\main\AndroidManifest.xml:32:13-49
50        <activity android:name="com.qlbh.doan.DanhMucActivity" />
50-->src\main\AndroidManifest.xml:33:9-53
50-->src\main\AndroidManifest.xml:33:19-50
51        <activity android:name="com.qlbh.doan.HomeActivity" >
51-->src\main\AndroidManifest.xml:34:9-36:20
51-->src\main\AndroidManifest.xml:34:19-47
52        </activity>
53        <activity android:name="com.qlbh.doan.ManagementActivity" >
53-->src\main\AndroidManifest.xml:37:9-43:20
53-->src\main\AndroidManifest.xml:37:19-53
54            <intent-filter>
54-->src\main\AndroidManifest.xml:38:13-42:29
55                <action android:name="android.intent.action.MAIN" />
55-->src\main\AndroidManifest.xml:39:17-69
55-->src\main\AndroidManifest.xml:39:25-66
56
57                <category android:name="android.intent.category.LAUNCHER" />
57-->src\main\AndroidManifest.xml:41:17-77
57-->src\main\AndroidManifest.xml:41:27-74
58            </intent-filter>
59        </activity>
60        <activity android:name="com.qlbh.doan.RegisterActivity" />
60-->src\main\AndroidManifest.xml:44:9-54
60-->src\main\AndroidManifest.xml:44:19-51
61        <activity android:name="com.qlbh.doan.LoginActivity" />
61-->src\main\AndroidManifest.xml:45:9-51
61-->src\main\AndroidManifest.xml:45:19-48
62        <activity android:name="com.qlbh.doan.MainActivity" />
62-->src\main\AndroidManifest.xml:46:9-50
62-->src\main\AndroidManifest.xml:46:19-47
63        <activity
63-->[com.google.firebase:firebase-auth:16.0.5] AndroidManifest.xml:24:9-31:50
64            android:name="com.google.firebase.auth.internal.FederatedSignInActivity"
64-->[com.google.firebase:firebase-auth:16.0.5] AndroidManifest.xml:25:13-85
65            android:excludeFromRecents="true"
65-->[com.google.firebase:firebase-auth:16.0.5] AndroidManifest.xml:26:13-46
66            android:exported="true"
66-->[com.google.firebase:firebase-auth:16.0.5] AndroidManifest.xml:27:13-36
67            android:launchMode="singleTask"
67-->[com.google.firebase:firebase-auth:16.0.5] AndroidManifest.xml:28:13-44
68            android:permission="com.google.firebase.auth.api.gms.permission.LAUNCH_FEDERATED_SIGN_IN"
68-->[com.google.firebase:firebase-auth:16.0.5] AndroidManifest.xml:29:13-102
69            android:theme="@android:style/Theme.Translucent.NoTitleBar" />
69-->[com.google.firebase:firebase-auth:16.0.5] AndroidManifest.xml:30:13-72
70
71        <service
71-->[com.google.firebase:firebase-auth:16.0.5] AndroidManifest.xml:33:9-39:19
72            android:name="com.google.firebase.components.ComponentDiscoveryService"
72-->[com.google.firebase:firebase-auth:16.0.5] AndroidManifest.xml:34:13-84
73            android:exported="false" >
73-->[com.google.firebase:firebase-auth:16.0.5] AndroidManifest.xml:35:13-37
74            <meta-data
74-->[com.google.firebase:firebase-auth:16.0.5] AndroidManifest.xml:36:13-38:85
75                android:name="com.google.firebase.components:com.google.firebase.auth.FirebaseAuthRegistrar"
75-->[com.google.firebase:firebase-auth:16.0.5] AndroidManifest.xml:37:17-109
76                android:value="com.google.firebase.components.ComponentRegistrar" />
76-->[com.google.firebase:firebase-auth:16.0.5] AndroidManifest.xml:38:17-82
77        </service>
78
79        <activity
79-->[com.google.android.gms:play-services-base:16.0.1] AndroidManifest.xml:23:9-26:75
80            android:name="com.google.android.gms.common.api.GoogleApiActivity"
80-->[com.google.android.gms:play-services-base:16.0.1] AndroidManifest.xml:24:13-79
81            android:exported="false"
81-->[com.google.android.gms:play-services-base:16.0.1] AndroidManifest.xml:25:13-37
82            android:theme="@android:style/Theme.Translucent.NoTitleBar" />
82-->[com.google.android.gms:play-services-base:16.0.1] AndroidManifest.xml:26:13-72
83
84        <provider
84-->[com.google.firebase:firebase-common:16.0.3] AndroidManifest.xml:10:9-14:39
85            android:name="com.google.firebase.provider.FirebaseInitProvider"
85-->[com.google.firebase:firebase-common:16.0.3] AndroidManifest.xml:11:13-77
86            android:authorities="com.qlbh.doan.firebaseinitprovider"
86-->[com.google.firebase:firebase-common:16.0.3] AndroidManifest.xml:12:13-72
87            android:exported="false"
87-->[com.google.firebase:firebase-common:16.0.3] AndroidManifest.xml:13:13-37
88            android:initOrder="100" />
88-->[com.google.firebase:firebase-common:16.0.3] AndroidManifest.xml:14:13-36
89
90        <meta-data
90-->[com.google.android.gms:play-services-basement:16.1.0] AndroidManifest.xml:23:9-25:69
91            android:name="com.google.android.gms.version"
91-->[com.google.android.gms:play-services-basement:16.1.0] AndroidManifest.xml:24:13-58
92            android:value="@integer/google_play_services_version" />
92-->[com.google.android.gms:play-services-basement:16.1.0] AndroidManifest.xml:25:13-66
93    </application>
94
95</manifest>